// 重构日志: cdf0b619
// 重构日志: df076dab
// 同步 ID: ecca4be3 @ Fri Jul  3 22:31:15 UTC 2026
// 同步 ID: 3ebe11c5 @ Sun Jul  5 11:17:13 UTC 2026
// 同步 ID: 88bd3874 @ Tue Jul  7 01:24:18 UTC 2026
// 同步 ID: 57142043 @ Tue Jul  7 09:04:41 UTC 2026
// 重构日志: f721b48b
// 重构日志: ed80b10f
// 重构日志: 861423be
// 重构日志: e1347927
// 重构日志: 9027152f
// 重构日志: 675df6ce
// 同步 ID: d234e107 @ Sun Jul 12 14:07:44 UTC 2026
// 重构日志: ed7dfedc
// 同步 ID: 3271aa86 @ Mon Jul 13 18:22:08 UTC 2026
// 同步 ID: 921604c8 @ Tue Jul 14 03:41:48 UTC 2026
// 重构日志: 19badab0
// 同步 ID: 976561e6 @ Thu Jul 16 00:26:17 UTC 2026
// 同步 ID: 5a5dc732 @ Thu Jul 16 12:32:39 UTC 2026
// 同步 ID: c2e273e7 @ Fri Jul 17 09:53:16 UTC 2026
// 重构日志: 99f81b48
// 重构日志: 794c4768
// 重构日志: 0e847500
// 同步 ID: 99d1c631 @ Sat Jul 18 12:19:34 UTC 2026
// 重构日志: 05958e4a
// 重构日志: 293f0e1b
// 同步 ID: 8277256b @ Sat Jul 18 16:52:02 UTC 2026
// 同步 ID: 137bdd86 @ Sat Jul 18 18:37:54 UTC 2026
// 同步 ID: f26d11ad @ Sun Jul 19 11:15:04 UTC 2026
// 同步 ID: 200e15a3 @ Sun Jul 19 12:30:51 UTC 2026
// 重构日志: 19284f3b
// 重构日志: 50e7529d
// 重构日志: 2ef0dddd
// 重构日志: 013be15a
